<?xml version="1.0" encoding="UTF-8"?>
<!-- Generated by org.testng.reporters.JUnitReportReporter -->
<testsuite hostname="WSMPN-160" name="TesRunner.TestRunner" tests="1" failures="0" timestamp="22 Oct 2018 12:30:39 GMT" time="0.079" errors="0">
  <testcase name="feature" time="0.079" classname="TesRunner.TestRunner"/>
</testsuite> <!-- TesRunner.TestRunner -->
